# JRE version: Java(TM) SE Runtime Environment (13.0.1+9) (build 13.0.1+9)
# Java VM: Java HotSpot(TM) 64-Bit Server VM (13.0.1+9, mixed mode, sharing, tiered, compressed oops, g1 gc, windows-amd64)
Heap:
 garbage-first heap   total 48128K, used 27534K [0x0000000704000000, 0x0000000800000000)
  region size 1024K, 10 young (10240K), 1 survivors (1024K)
 Metaspace       used 31357K, capacity 32497K, committed 32768K, reserved 1077248K
  class space    used 4142K, capacity 4585K, committed 4608K, reserved 1048576K
GC Heap History (20 events):
Event: 1.430 GC heap after
{Heap after GC invocations=2 (full 0):
 garbage-first heap   total 258048K, used 7519K [0x0000000704000000, 0x0000000800000000)
  region size 1024K, 5 young (5120K), 5 survivors (5120K)
 Metaspace       used 13047K, capacity 13555K, committed 13696K, reserved 1060864K
  class space    used 1714K, capacity 1874K, committed 1920K, reserved 1048576K
}
Event: 15.266 GC heap before
{Heap before GC invocations=2 (full 0):
 garbage-first heap   total 258048K, used 83295K [0x0000000704000000, 0x0000000800000000)
  region size 1024K, 79 young (80896K), 5 survivors (5120K)
 Metaspace       used 20200K, capacity 20898K, committed 20992K, reserved 1067008K
  class space    used 2720K, capacity 2981K, committed 3072K, reserved 1048576K
}
Event: 15.271 GC heap after
{Heap after GC invocations=3 (full 0):
 garbage-first heap   total 258048K, used 10220K [0x0000000704000000, 0x0000000800000000)
  region size 1024K, 8 young (8192K), 8 survivors (8192K)
 Metaspace       used 20200K, capacity 20898K, committed 20992K, reserved 1067008K
  class space    used 2720K, capacity 2981K, committed 3072K, reserved 1048576K
}
Event: 15.345 GC heap before
{Heap before GC invocations=3 (full 0):
 garbage-first heap   total 258048K, used 23532K [0x0000000704000000, 0x0000000800000000)
  region size 1024K, 22 young (22528K), 8 survivors (8192K)
 Metaspace       used 20480K, capacity 21196K, committed 21248K, reserved 1067008K
  class space    used 2764K, capacity 3055K, committed 3072K, reserved 1048576K
}
Event: 15.351 GC heap after
{Heap after GC invocations=4 (full 0):
 garbage-first heap   total 258048K, used 10626K [0x0000000704000000, 0x0000000800000000)
  region size 1024K, 5 young (5120K), 5 survivors (5120K)
 Metaspace       used 20480K, capacity 21196K, committed 21248K, reserved 1067008K
  class space    used 2764K, capacity 3055K, committed 3072K, reserved 1048576K
}
Event: 15.578 GC heap before
{Heap before GC invocations=5 (full 0):
 garbage-first heap   total 40960K, used 40322K [0x0000000704000000, 0x0000000800000000)
  region size 1024K, 34 young (34816K), 5 survivors (5120K)
 Metaspace       used 23420K, capacity 24391K, committed 24576K, reserved 1071104K
  class space    used 3182K, capacity 3512K, committed 3584K, reserved 1048576K
}
Event: 15.583 GC heap after
{Heap after GC invocations=6 (full 0):
 garbage-first heap   total 48128K, used 12127K [0x0000000704000000, 0x0000000800000000)
  region size 1024K, 7 young (7168K), 7 survivors (7168K)
 Metaspace       used 23420K, capacity 24391K, committed 24576K, reserved 1071104K
  class space    used 3182K, capacity 3512K, committed 3584K, reserved 1048576K
}
Event: 15.731 GC heap before
{Heap before GC invocations=6 (full 0):
 garbage-first heap   total 48128K, used 32607K [0x0000000704000000, 0x0000000800000000)
  region size 1024K, 28 young (28672K), 7 survivors (7168K)
 Metaspace       used 26229K, capacity 27217K, committed 27392K, reserved 1073152K
  class space    used 3472K, capacity 3813K, committed 3840K, reserved 1048576K
}
Event: 15.734 GC heap after
{Heap after GC invocations=7 (full 0):
 garbage-first heap   total 48128K, used 13693K [0x0000000704000000, 0x0000000800000000)
  region size 1024K, 4 young (4096K), 4 survivors (4096K)
 Metaspace       used 26229K, capacity 27217K, committed 27392K, reserved 1073152K
  class space    used 3472K, capacity 3813K, committed 3840K, reserved 1048576K
}
Event: 15.794 GC heap before
{Heap before GC invocations=7 (full 0):
 garbage-first heap   total 48128K, used 34173K [0x0000000704000000, 0x0000000800000000)
  region size 1024K, 25 young (25600K), 4 survivors (4096K)
 Metaspace       used 26236K, capacity 27223K, committed 27392K, reserved 1073152K
  class space    used 3473K, capacity 3814K, committed 3840K, reserved 1048576K
}
Event: 15.797 GC heap after
{Heap after GC invocations=8 (full 0):
 garbage-first heap   total 48128K, used 15545K [0x0000000704000000, 0x0000000800000000)
  region size 1024K, 4 young (4096K), 4 survivors (4096K)
 Metaspace       used 26236K, capacity 27223K, committed 27392K, reserved 1073152K
  class space    used 3473K, capacity 3814K, committed 3840K, reserved 1048576K
}
Event: 15.853 GC heap before
{Heap before GC invocations=8 (full 0):
 garbage-first heap   total 48128K, used 35001K [0x0000000704000000, 0x0000000800000000)
  region size 1024K, 23 young (23552K), 4 survivors (4096K)
 Metaspace       used 26714K, capacity 27730K, committed 28032K, reserved 1073152K
  class space    used 3515K, capacity 3856K, committed 3968K, reserved 1048576K
}
Event: 15.855 GC heap after
{Heap after GC invocations=9 (full 0):
 garbage-first heap   total 48128K, used 17737K [0x0000000704000000, 0x0000000800000000)
  region size 1024K, 3 young (3072K), 3 survivors (3072K)
 Metaspace       used 26714K, capacity 27730K, committed 28032K, reserved 1073152K
  class space    used 3515K, capacity 3856K, committed 3968K, reserved 1048576K
}
Event: 15.938 GC heap before
{Heap before GC invocations=9 (full 0):
 garbage-first heap   total 48128K, used 34121K [0x0000000704000000, 0x0000000800000000)
  region size 1024K, 20 young (20480K), 3 survivors (3072K)
 Metaspace       used 27674K, capacity 28664K, committed 28928K, reserved 1075200K
  class space    used 3648K, capacity 3996K, committed 4096K, reserved 1048576K
}
Event: 15.939 GC heap after
{Heap after GC invocations=10 (full 0):
 garbage-first heap   total 48128K, used 16847K [0x0000000704000000, 0x0000000800000000)
  region size 1024K, 1 young (1024K), 1 survivors (1024K)
 Metaspace       used 27674K, capacity 28664K, committed 28928K, reserved 1075200K
  class space    used 3648K, capacity 3996K, committed 4096K, reserved 1048576K
}
Event: 19.072 GC heap before
{Heap before GC invocations=10 (full 0):
 garbage-first heap   total 48128K, used 36303K [0x0000000704000000, 0x0000000800000000)
  region size 1024K, 20 young (20480K), 1 survivors (1024K)
 Metaspace       used 29206K, capacity 30287K, committed 30464K, reserved 1075200K
  class space    used 3889K, capacity 4278K, committed 4352K, reserved 1048576K
}
Event: 19.074 GC heap after
{Heap after GC invocations=11 (full 0):
 garbage-first heap   total 48128K, used 18289K [0x0000000704000000, 0x0000000800000000)
  region size 1024K, 3 young (3072K), 3 survivors (3072K)
 Metaspace       used 29206K, capacity 30287K, committed 30464K, reserved 1075200K
  class space    used 3889K, capacity 4278K, committed 4352K, reserved 1048576K
}
Event: 235.112 GC heap before
{Heap before GC invocations=11 (full 0):
 garbage-first heap   total 48128K, used 35697K [0x0000000704000000, 0x0000000800000000)
  region size 1024K, 20 young (20480K), 3 survivors (3072K)
 Metaspace       used 31238K, capacity 32370K, committed 32512K, reserved 1077248K
  class space    used 4126K, capacity 4542K, committed 4608K, reserved 1048576K
}
Event: 235.114 GC heap after
{Heap after GC invocations=12 (full 0):
 garbage-first heap   total 48128K, used 19069K [0x0000000704000000, 0x0000000800000000)
  region size 1024K, 1 young (1024K), 1 survivors (1024K)
 Metaspace       used 31238K, capacity 32370K, committed 32512K, reserved 1077248K
  class space    used 4126K, capacity 4542K, committed 4608K, reserved 1048576K
}
Event: 1045.194 GC heap before
{Heap before GC invocations=12 (full 0):
 garbage-first heap   total 48128K, used 27261K [0x0000000704000000, 0x0000000800000000)
  region size 1024K, 10 young (10240K), 1 survivors (1024K)
 Metaspace       used 31357K, capacity 32497K, committed 32768K, reserved 1077248K
  class space    used 4142K, capacity 4585K, committed 4608K, reserved 1048576K
}

